#
# There is insufficient memory for the Java Runtime Environment to continue.
# Native memory allocation (malloc) failed to allocate 1652576 bytes for Chunk::new
# Possible reasons:
#   The system is out of physical RAM or swap space
#   The process is running with CompressedOops enabled, and the Java Heap may be blocking the growth of the native heap
# Possible solutions:
#   Reduce memory load on the system
#   Increase physical memory or swap space
#   Check if swap backing store is full
#   Decrease Java heap size (-Xmx/-Xms)
#   Decrease number of Java threads
#   Decrease Java thread stack sizes (-Xss)
#   Set larger code cache with -XX:ReservedCodeCacheSize=
#   JVM is running with Unscaled Compressed Oops mode in which the Java heap is
#     placed in the first 4GB address space. The Java Heap base address is the
#     maximum limit for the native heap growth. Please use -XX:HeapBaseMinAddress
#     to set the Java Heap base and to place the Java Heap above 4GB virtual address.
# This output file may be truncated or incomplete.
#
#  Out of Memory Error (allocation.cpp:389), pid=3704, tid=0x0000000000002be8
#
# JRE version: OpenJDK Runtime Environment (8.0_202-b03) (build 1.8.0_202-release-1483-b03)
# Java VM: OpenJDK 64-Bit Server VM (25.202-b03 mixed mode windows-amd64 compressed oops)
# Failed to write core dump. Minidumps are not enabled by default on client versions of Windows
#

---------------  T H R E A D  ---------------

Current thread (0x0000000018bfd000):  JavaThread "C2 CompilerThread2" daemon [_thread_in_native, id=11240, stack(0x00000000196d0000,0x00000000197d0000)]

Stack: [0x00000000196d0000,0x00000000197d0000]
[error occurred during error reporting (printing stack bounds), id 0xc0000005]

Native frames: (J=compiled Java code, j=interpreted, Vv=VM code, C=native code)


Current CompileTask:
C2:2864921 22730   !   4       com.android.tools.r8.dex.c::b (2274 bytes)


---------------  P R O C E S S  ---------------

Java Threads: ( => current thread )
  0x00000000229ec800 JavaThread "pool-20-thread-1" [_thread_in_native, id=5128, stack(0x0000000028470000,0x0000000028570000)]
  0x00000000229f2000 JavaThread "WorkerExecutor Queue Thread 7" [_thread_blocked, id=12684, stack(0x0000000028370000,0x0000000028470000)]
  0x00000000229ea800 JavaThread "WorkerExecutor Queue Thread 6" [_thread_blocked, id=4640, stack(0x0000000028270000,0x0000000028370000)]
  0x00000000229ef800 JavaThread "WorkerExecutor Queue Thread 5" [_thread_blocked, id=7460, stack(0x0000000028170000,0x0000000028270000)]
  0x0000000025dfa800 JavaThread "WorkerExecutor Queue Thread 4" [_thread_blocked, id=6188, stack(0x0000000028070000,0x0000000028170000)]
  0x0000000025df9800 JavaThread "WorkerExecutor Queue Thread 3" [_thread_blocked, id=9412, stack(0x0000000027f70000,0x0000000028070000)]
  0x0000000025df2000 JavaThread "WorkerExecutor Queue Thread 2" [_thread_blocked, id=8176, stack(0x0000000027e70000,0x0000000027f70000)]
  0x0000000025df9000 JavaThread "WorkerExecutor Queue" [_thread_blocked, id=3116, stack(0x0000000027d70000,0x0000000027e70000)]
  0x0000000025df6800 JavaThread "Cache worker for Java compile cache (C:\Users\kadar\Desktop\ProductStore\.gradle\5.4.1\javaCompile)" [_thread_blocked, id=9996, stack(0x0000000027970000,0x0000000027a70000)]
  0x0000000025df6000 JavaThread "Cache worker for execution history cache (C:\Users\kadar\Desktop\ProductStore\.gradle\5.4.1\executionHistory)" [_thread_blocked, id=2012, stack(0x0000000027b50000,0x0000000027c50000)]
  0x0000000025df1800 JavaThread "Execution worker for ':' Thread 7" [_thread_blocked, id=8688, stack(0x0000000027870000,0x0000000027970000)]
  0x0000000025df4800 JavaThread "Execution worker for ':' Thread 6" [_thread_blocked, id=9872, stack(0x0000000027770000,0x0000000027870000)]
  0x0000000025df3000 JavaThread "Execution worker for ':' Thread 5" [_thread_blocked, id=248, stack(0x0000000027670000,0x0000000027770000)]
  0x0000000025df7800 JavaThread "Execution worker for ':' Thread 4" [_thread_blocked, id=12916, stack(0x0000000027570000,0x0000000027670000)]
  0x0000000025df8000 JavaThread "Execution worker for ':' Thread 3" [_thread_blocked, id=10032, stack(0x0000000027470000,0x0000000027570000)]
  0x0000000025df3800 JavaThread "Execution worker for ':' Thread 2" [_thread_blocked, id=9044, stack(0x0000000025660000,0x0000000025760000)]
  0x0000000025df5000 JavaThread "Execution worker for ':'" [_thread_blocked, id=8408, stack(0x00000000252e0000,0x00000000253e0000)]
  0x0000000025deb800 JavaThread "Cache worker for file content cache (C:\Users\kadar\Desktop\ProductStore\.gradle\5.4.1\fileContent)" [_thread_blocked, id=1956, stack(0x00000000251e0000,0x00000000252e0000)]
  0x0000000025ded800 JavaThread "Cache worker for Build Output Cleanup Cache (C:\Users\kadar\Desktop\ProductStore\.gradle\buildOutputCleanup)" [_thread_blocked, id=9820, stack(0x00000000240b0000,0x00000000241b0000)]
  0x0000000025def000 JavaThread "pool-19-thread-1" [_thread_blocked, id=13460, stack(0x0000000023ac0000,0x0000000023bc0000)]
  0x0000000025df0800 JavaThread "Build operations Thread 8" [_thread_blocked, id=13848, stack(0x00000000239c0000,0x0000000023ac0000)]
  0x0000000025dec000 JavaThread "Build operations Thread 7" [_thread_blocked, id=11072, stack(0x00000000238c0000,0x00000000239c0000)]
  0x0000000025df0000 JavaThread "Build operations Thread 6" [_thread_blocked, id=9416, stack(0x00000000237c0000,0x00000000238c0000)]
  0x000000001df09000 JavaThread "Build operations Thread 5" [_thread_blocked, id=3220, stack(0x00000000236c0000,0x00000000237c0000)]
  0x000000001df0f000 JavaThread "Build operations Thread 4" [_thread_blocked, id=11552, stack(0x00000000235c0000,0x00000000236c0000)]
  0x000000001df0e000 JavaThread "Build operations Thread 3" [_thread_blocked, id=1960, stack(0x00000000234c0000,0x00000000235c0000)]
  0x000000001df06800 JavaThread "Build operations Thread 2" [_thread_blocked, id=2152, stack(0x00000000233c0000,0x00000000234c0000)]
  0x000000001df0d800 JavaThread "Build operations" [_thread_blocked, id=3844, stack(0x00000000232c0000,0x00000000233c0000)]
  0x000000001df06000 JavaThread "Cache worker for cache directory md-rule (C:\Users\kadar\.gradle\caches\5.4.1\md-rule)" [_thread_blocked, id=11736, stack(0x0000000020140000,0x0000000020240000)]
  0x000000001df0c800 JavaThread "Cache worker for cache directory md-supplier (C:\Users\kadar\.gradle\caches\5.4.1\md-supplier)" [_thread_blocked, id=11176, stack(0x0000000020040000,0x0000000020140000)]
  0x000000001df0a800 JavaThread "Cache worker for file hash cache (C:\Users\kadar\Desktop\ProductStore\.gradle\5.4.1\fileHashes)" [_thread_blocked, id=9716, stack(0x000000001c4d0000,0x000000001c5d0000)]
  0x000000001df08000 JavaThread "Thread-263" [_thread_blocked, id=6228, stack(0x000000001c1d0000,0x000000001c2d0000)]
  0x000000001df05000 JavaThread "Stdin handler" [_thread_blocked, id=12620, stack(0x000000001c0d0000,0x000000001c1d0000)]
  0x000000001df09800 JavaThread "Asynchronous log dispatcher for DefaultDaemonConnection: socket connection from /127.0.0.1:58155 to /127.0.0.1:58632" [_thread_blocked, id=972, stack(0x000000001bdd0000,0x000000001bed0000)]
  0x000000001df07800 JavaThread "Daemon worker Thread 7" [_thread_blocked, id=10092, stack(0x000000001bcd0000,0x000000001bdd0000)]
  0x000000001df0b000 JavaThread "Cancel handler" [_thread_blocked, id=5824, stack(0x0000000002d40000,0x0000000002e40000)]
  0x000000001df00800 JavaThread "Handler for socket connection from /127.0.0.1:58155 to /127.0.0.1:58632" [_thread_in_native, id=7352, stack(0x0000000002af0000,0x0000000002bf0000)]
  0x000000001df03000 JavaThread "Daemon Thread 7" [_thread_blocked, id=7676, stack(0x0000000001120000,0x0000000001220000)]
  0x00000000229ec000 JavaThread "Cache worker for Java compile cache (C:\Users\kadar\.gradle\caches\5.4.1\javaCompile)" [_thread_blocked, id=672, stack(0x0000000029d40000,0x0000000029e40000)]
  0x000000001e6a5000 JavaThread "MarlinRenderer Disposer" daemon [_thread_blocked, id=3912, stack(0x0000000028940000,0x0000000028a40000)]
  0x000000001e6a4800 JavaThread "Java2D Disposer" daemon [_thread_blocked, id=12208, stack(0x0000000028570000,0x0000000028670000)]
  0x000000001df03800 JavaThread "Cache worker for file content cache (C:\Users\kadar\.gradle\caches\5.4.1\fileContent)" [_thread_blocked, id=10196, stack(0x00000000267c0000,0x00000000268c0000)]
  0x000000001e974000 JavaThread "Memory manager" [_thread_blocked, id=6016, stack(0x00000000243b0000,0x00000000244b0000)]
  0x000000001e96a000 JavaThread "Cache worker for execution history cache (C:\Users\kadar\.gradle\caches\5.4.1\executionHistory)" [_thread_blocked, id=6224, stack(0x0000000021290000,0x0000000021390000)]
  0x000000001ac5b800 JavaThread "Cache worker for journal cache (C:\Users\kadar\.gradle\caches\journal-1)" [_thread_blocked, id=11792, stack(0x000000001d7a0000,0x000000001d8a0000)]
  0x000000001ac5d000 JavaThread "File lock request listener" [_thread_in_native, id=7464, stack(0x000000001d6a0000,0x000000001d7a0000)]
  0x000000001ac5c000 JavaThread "Cache worker for file hash cache (C:\Users\kadar\.gradle\caches\5.4.1\fileHashes)" [_thread_blocked, id=3832, stack(0x000000001d5a0000,0x000000001d6a0000)]
  0x0000000018ed2000 JavaThread "Daemon periodic checks" [_thread_blocked, id=2692, stack(0x000000001bbd0000,0x000000001bcd0000)]
  0x000000001a72d000 JavaThread "Incoming local TCP Connector on port 58155" [_thread_in_native, id=7200, stack(0x000000001b990000,0x000000001ba90000)]
  0x000000001ada5000 JavaThread "Daemon health stats" [_thread_blocked, id=10720, stack(0x000000001b2a0000,0x000000001b3a0000)]
  0x0000000018c97800 JavaThread "Service Thread" daemon [_thread_blocked, id=11616, stack(0x00000000198d0000,0x00000000199d0000)]
  0x0000000018bfe800 JavaThread "C1 CompilerThread3" daemon [_thread_blocked, id=11340, stack(0x00000000197d0000,0x00000000198d0000)]
=>0x0000000018bfd000 JavaThread "C2 CompilerThread2" daemon [_thread_in_native, id=11240, stack(0x00000000196d0000,0x00000000197d0000)]
  0x0000000018bf7000 JavaThread "C2 CompilerThread1" daemon [_thread_blocked, id=11820, stack(0x00000000195d0000,0x00000000196d0000)]
  0x0000000018c06800 JavaThread "C2 CompilerThread0" daemon [_thread_in_native, id=12656, stack(0x00000000194d0000,0x00000000195d0000)]
  0x0000000018c05800 JavaThread "Attach Listener" daemon [_thread_blocked, id=11408, stack(0x00000000193d0000,0x00000000194d0000)]
  0x0000000018c00800 JavaThread "Signal Dispatcher" daemon [_thread_blocked, id=12704, stack(0x00000000192d0000,0x00000000193d0000)]
  0x0000000003038000 JavaThread "Finalizer" daemon [_thread_blocked, id=14152, stack(0x00000000190d0000,0x00000000191d0000)]
  0x0000000003035800 JavaThread "Reference Handler" daemon [_thread_blocked, id=13592, stack(0x0000000018fd0000,0x00000000190d0000)]
  0x0000000002d3e000 JavaThread "main" [_thread_blocked, id=7324, stack(0x0000000002e40000,0x0000000002f40000)]

Other Threads:
  0x0000000016df7800 VMThread [stack: 0x0000000018ad0000,0x0000000018bd0000] [id=8724]
  0x0000000018c98800 WatcherThread [stack: 0x00000000199d0000,0x0000000019ad0000] [id=7852]

VM state:not at safepoint (normal execution)

VM Mutex/Monitor currently owned by a thread: None

heap address: 0x00000000a0000000, size: 1536 MB, Compressed Oops mode: 32-bit
Narrow klass base: 0x0000000000000000, Narrow klass shift: 3
Compressed class space size: 1073741824 Address: 0x0000000100000000

Heap:
 PSYoungGen      total 341504K, used 143198K [0x00000000e0000000, 0x00000000f9700000, 0x0000000100000000)
  eden space 281088K, 29% used [0x00000000e0000000,0x00000000e50d7ff8,0x00000000f1280000)
  from space 60416K, 99% used [0x00000000f5c00000,0x00000000f96ff8e8,0x00000000f9700000)
  to   space 63488K, 0% used [0x00000000f1280000,0x00000000f1280000,0x00000000f5080000)
 ParOldGen       total 210432K, used 109742K [0x00000000a0000000, 0x00000000acd80000, 0x00000000e0000000)
  object space 210432K, 52% used [0x00000000a0000000,0x00000000a6b2b8e8,0x00000000acd80000)
 Metaspace       used 94329K, capacity 99002K, committed 100172K, reserved 1136640K
  class space    used 12040K, capacity 12869K, committed 13184K, reserved 1048576K

Card table byte_map: [0x0000000012400000,0x0000000012710000] byte_map_base: 0x0000000011f00000

Marking Bits: (ParMarkBitMap*) 0x0000000054cd9f30
 Begin Bits: [0x0000000013110000, 0x0000000014910000)
 End Bits:   [0x0000000014910000, 0x0000000016110000)

Polling page: 0x0000000001010000

CodeCache: size=245760Kb used=62841Kb max_used=62853Kb free=182918Kb
 bounds [0x0000000003040000, 0x0000000006e00000, 0x0000000012040000]
 total_blobs=18618 nmethods=17646 adapters=883
 compilation: enabled

Compilation events (10 events):
Event: 2864.861 Thread 0x0000000018bfe800 nmethod 22873 0x0000000006db9f90 code [0x0000000006dba100, 0x0000000006dba330]
Event: 2864.861 Thread 0x0000000018c06800 nmethod 22872 0x0000000003d4f710 code [0x0000000003d4f840, 0x0000000003d4f8d8]
Event: 2864.862 Thread 0x0000000018c06800 22874       4       java.util.Locale::getCountry (8 bytes)
Event: 2864.862 Thread 0x0000000018bf7000 nmethod 22871 0x0000000003fb1010 code [0x0000000003fb1140, 0x0000000003fb11d8]
Event: 2864.862 Thread 0x0000000018c06800 nmethod 22874 0x00000000043cb9d0 code [0x00000000043cbb00, 0x00000000043cbb78]
Event: 2864.862 Thread 0x0000000018bfe800 22875       3       sun.util.calendar.CalendarDate::setLeapYear (6 bytes)
Event: 2864.862 Thread 0x0000000018bfe800 nmethod 22875 0x0000000005d08e10 code [0x0000000005d08f60, 0x0000000005d090b0]
Event: 2864.913 Thread 0x0000000018bf7000 22876       4       com.google.common.io.MultiInputStream::read (37 bytes)
Event: 2864.917 Thread 0x0000000018bf7000 nmethod 22876 0x000000000461b390 code [0x000000000461b500, 0x000000000461b708]
Event: 2864.918 Thread 0x0000000018c06800 22877       4       java.util.zip.DeflaterOutputStream::write (88 bytes)

GC Heap History (10 events):
Event: 2386.618 GC heap before
{Heap before GC invocations=28 (full 4):
 PSYoungGen      total 289792K, used 289766K [0x00000000e0000000, 0x00000000f8800000, 0x0000000100000000)
  eden space 237568K, 100% used [0x00000000e0000000,0x00000000ee800000,0x00000000ee800000)
  from space 52224K, 99% used [0x00000000ee800000,0x00000000f1af9980,0x00000000f1b00000)
  to   space 66048K, 0% used [0x00000000f4780000,0x00000000f4780000,0x00000000f8800000)
 ParOldGen       total 210432K, used 73760K [0x00000000a0000000, 0x00000000acd80000, 0x00000000e0000000)
  object space 210432K, 35% used [0x00000000a0000000,0x00000000a48082e8,0x00000000acd80000)
 Metaspace       used 93338K, capacity 97638K, committed 99404K, reserved 1136640K
  class space    used 11974K, capacity 12759K, committed 13184K, reserved 1048576K
Event: 2386.664 GC heap after
Heap after GC invocations=28 (full 4):
 PSYoungGen      total 326144K, used 40128K [0x00000000e0000000, 0x00000000f8480000, 0x0000000100000000)
  eden space 263680K, 0% used [0x00000000e0000000,0x00000000e0000000,0x00000000f0180000)
  from space 62464K, 64% used [0x00000000f4780000,0x00000000f6eb00b0,0x00000000f8480000)
  to   space 67072K, 0% used [0x00000000f0180000,0x00000000f0180000,0x00000000f4300000)
 ParOldGen       total 210432K, used 73768K [0x00000000a0000000, 0x00000000acd80000, 0x00000000e0000000)
  object space 210432K, 35% used [0x00000000a0000000,0x00000000a480a2e8,0x00000000acd80000)
 Metaspace       used 93338K, capacity 97638K, committed 99404K, reserved 1136640K
  class space    used 11974K, capacity 12759K, committed 13184K, reserved 1048576K
}
Event: 2390.203 GC heap before
{Heap before GC invocations=29 (full 4):
 PSYoungGen      total 326144K, used 303808K [0x00000000e0000000, 0x00000000f8480000, 0x0000000100000000)
  eden space 263680K, 100% used [0x00000000e0000000,0x00000000f0180000,0x00000000f0180000)
  from space 62464K, 64% used [0x00000000f4780000,0x00000000f6eb00b0,0x00000000f8480000)
  to   space 67072K, 0% used [0x00000000f0180000,0x00000000f0180000,0x00000000f4300000)
 ParOldGen       total 210432K, used 73768K [0x00000000a0000000, 0x00000000acd80000, 0x00000000e0000000)
  object space 210432K, 35% used [0x00000000a0000000,0x00000000a480a2e8,0x00000000acd80000)
 Metaspace       used 93609K, capacity 97906K, committed 99660K, reserved 1136640K
  class space    used 11982K, capacity 12773K, committed 13184K, reserved 1048576K
Event: 2390.233 GC heap after
Heap after GC invocations=29 (full 4):
 PSYoungGen      total 330752K, used 37719K [0x00000000e0000000, 0x00000000f9980000, 0x0000000100000000)
  eden space 263680K, 0% used [0x00000000e0000000,0x00000000e0000000,0x00000000f0180000)
  from space 67072K, 56% used [0x00000000f0180000,0x00000000f2655cf8,0x00000000f4300000)
  to   space 67072K, 0% used [0x00000000f5800000,0x00000000f5800000,0x00000000f9980000)
 ParOldGen       total 210432K, used 73776K [0x00000000a0000000, 0x00000000acd80000, 0x00000000e0000000)
  object space 210432K, 35% used [0x00000000a0000000,0x00000000a480c2e8,0x00000000acd80000)
 Metaspace       used 93609K, capacity 97906K, committed 99660K, reserved 1136640K
  class space    used 11982K, capacity 12773K, committed 13184K, reserved 1048576K
}
Event: 2650.619 GC heap before
{Heap before GC invocations=30 (full 4):
 PSYoungGen      total 330752K, used 301399K [0x00000000e0000000, 0x00000000f9980000, 0x0000000100000000)
  eden space 263680K, 100% used [0x00000000e0000000,0x00000000f0180000,0x00000000f0180000)
  from space 67072K, 56% used [0x00000000f0180000,0x00000000f2655cf8,0x00000000f4300000)
  to   space 67072K, 0% used [0x00000000f5800000,0x00000000f5800000,0x00000000f9980000)
 ParOldGen       total 210432K, used 73776K [0x00000000a0000000, 0x00000000acd80000, 0x00000000e0000000)
  object space 210432K, 35% used [0x00000000a0000000,0x00000000a480c2e8,0x00000000acd80000)
 Metaspace       used 93694K, capacity 98012K, committed 99660K, reserved 1136640K
  class space    used 11987K, capacity 12780K, committed 13184K, reserved 1048576K
Event: 2650.653 GC heap after
Heap after GC invocations=30 (full 4):
 PSYoungGen      total 336896K, used 29360K [0x00000000e0000000, 0x00000000f8e80000, 0x0000000100000000)
  eden space 281088K, 0% used [0x00000000e0000000,0x00000000e0000000,0x00000000f1280000)
  from space 55808K, 52% used [0x00000000f5800000,0x00000000f74ac080,0x00000000f8e80000)
  to   space 63488K, 0% used [0x00000000f1280000,0x00000000f1280000,0x00000000f5080000)
 ParOldGen       total 210432K, used 73784K [0x00000000a0000000, 0x00000000acd80000, 0x00000000e0000000)
  object space 210432K, 35% used [0x00000000a0000000,0x00000000a480e2e8,0x00000000acd80000)
 Metaspace       used 93694K, capacity 98012K, committed 99660K, reserved 1136640K
  class space    used 11987K, capacity 12780K, committed 13184K, reserved 1048576K
}
Event: 2862.219 GC heap before
{Heap before GC invocations=31 (full 4):
 PSYoungGen      total 336896K, used 310448K [0x00000000e0000000, 0x00000000f8e80000, 0x0000000100000000)
  eden space 281088K, 100% used [0x00000000e0000000,0x00000000f1280000,0x00000000f1280000)
  from space 55808K, 52% used [0x00000000f5800000,0x00000000f74ac080,0x00000000f8e80000)
  to   space 63488K, 0% used [0x00000000f1280000,0x00000000f1280000,0x00000000f5080000)
 ParOldGen       total 210432K, used 73784K [0x00000000a0000000, 0x00000000acd80000, 0x00000000e0000000)
  object space 210432K, 35% used [0x00000000a0000000,0x00000000a480e2e8,0x00000000acd80000)
 Metaspace       used 94078K, capacity 98738K, committed 100172K, reserved 1136640K
  class space    used 12025K, capacity 12847K, committed 13184K, reserved 1048576K
Event: 2862.248 GC heap after
Heap after GC invocations=31 (full 4):
 PSYoungGen      total 344576K, used 30624K [0x00000000e0000000, 0x00000000f9700000, 0x0000000100000000)
  eden space 281088K, 0% used [0x00000000e0000000,0x00000000e0000000,0x00000000f1280000)
  from space 63488K, 48% used [0x00000000f1280000,0x00000000f30680b0,0x00000000f5080000)
  to   space 60416K, 0% used [0x00000000f5c00000,0x00000000f5c00000,0x00000000f9700000)
 ParOldGen       total 210432K, used 73792K [0x00000000a0000000, 0x00000000acd80000, 0x00000000e0000000)
  object space 210432K, 35% used [0x00000000a0000000,0x00000000a48102e8,0x00000000acd80000)
 Metaspace       used 94078K, capacity 98738K, committed 100172K, reserved 1136640K
  class space    used 12025K, capacity 12847K, committed 13184K, reserved 1048576K
}
Event: 2864.278 GC heap before
{Heap before GC invocations=32 (full 4):
 PSYoungGen      total 344576K, used 311712K [0x00000000e0000000, 0x00000000f9700000, 0x0000000100000000)
  eden space 281088K, 100% used [0x00000000e0000000,0x00000000f1280000,0x00000000f1280000)
  from space 63488K, 48% used [0x00000000f1280000,0x00000000f30680b0,0x00000000f5080000)
  to   space 60416K, 0% used [0x00000000f5c00000,0x00000000f5c00000,0x00000000f9700000)
 ParOldGen       total 210432K, used 73792K [0x00000000a0000000, 0x00000000acd80000, 0x00000000e0000000)
  object space 210432K, 35% used [0x00000000a0000000,0x00000000a48102e8,0x00000000acd80000)
 Metaspace       used 94255K, capacity 98956K, committed 100172K, reserved 1136640K
  class space    used 12032K, capacity 12860K, committed 13184K, reserved 1048576K
Event: 2864.378 GC heap after
Heap after GC invocations=32 (full 4):
 PSYoungGen      total 341504K, used 60414K [0x00000000e0000000, 0x00000000f9700000, 0x0000000100000000)
  eden space 281088K, 0% used [0x00000000e0000000,0x00000000e0000000,0x00000000f1280000)
  from space 60416K, 99% used [0x00000000f5c00000,0x00000000f96ff8e8,0x00000000f9700000)
  to   space 63488K, 0% used [0x00000000f1280000,0x00000000f1280000,0x00000000f5080000)
 ParOldGen       total 210432K, used 109742K [0x00000000a0000000, 0x00000000acd80000, 0x00000000e0000000)
  object space 210432K, 52% used [0x00000000a0000000,0x00000000a6b2b8e8,0x00000000acd80000)
 Metaspace       used 94255K, capacity 98956K, committed 100172K, reserved 1136640K
  class space    used 12032K, capacity 12860K, committed 13184K, reserved 1048576K
}

Deoptimization events (10 events):
Event: 2863.339 Thread 0x0000000025df9000 Uncommon trap: reason=class_check action=maybe_recompile pc=0x0000000005f2df78 method=com.android.tools.r8.ir.conversion.IRConverter.b(Lcom/android/tools/r8/graph/DexEncodedMethod;)V @ 59
Event: 2863.342 Thread 0x0000000025df9000 Uncommon trap: reason=class_check action=maybe_recompile pc=0x0000000005f2df78 method=com.android.tools.r8.ir.conversion.IRConverter.b(Lcom/android/tools/r8/graph/DexEncodedMethod;)V @ 59
Event: 2863.344 Thread 0x0000000025df9000 Uncommon trap: reason=class_check action=maybe_recompile pc=0x0000000005f2df78 method=com.android.tools.r8.ir.conversion.IRConverter.b(Lcom/android/tools/r8/graph/DexEncodedMethod;)V @ 59
Event: 2863.346 Thread 0x0000000025df9000 Uncommon trap: reason=class_check action=maybe_recompile pc=0x0000000005f2df78 method=com.android.tools.r8.ir.conversion.IRConverter.b(Lcom/android/tools/r8/graph/DexEncodedMethod;)V @ 59
Event: 2864.737 Thread 0x000000001df07800 Uncommon trap: reason=bimorphic action=maybe_recompile pc=0x0000000006cabf44 method=java.util.stream.FindOps$FindOp.evaluateSequential(Ljava/util/stream/PipelineHelper;Ljava/util/Spliterator;)Ljava/lang/Object; @ 14
Event: 2864.737 Thread 0x000000001df07800 Uncommon trap: reason=bimorphic action=maybe_recompile pc=0x0000000006329d30 method=java.util.ArrayList$ArrayListSpliterator.tryAdvance(Ljava/util/function/Consumer;)Z @ 48
Event: 2864.755 Thread 0x0000000025df9800 Uncommon trap: reason=class_check action=maybe_recompile pc=0x00000000050a85c8 method=com.google.common.collect.Maps$3.transform(Ljava/lang/Object;)Ljava/util/Map$Entry; @ 6
Event: 2864.755 Thread 0x0000000025df9800 Uncommon trap: reason=class_check action=maybe_recompile pc=0x00000000050a85c8 method=com.google.common.collect.Maps$3.transform(Ljava/lang/Object;)Ljava/util/Map$Entry; @ 6
Event: 2864.755 Thread 0x0000000025df9800 Uncommon trap: reason=class_check action=maybe_recompile pc=0x00000000050a85c8 method=com.google.common.collect.Maps$3.transform(Ljava/lang/Object;)Ljava/util/Map$Entry; @ 6
Event: 2864.755 Thread 0x0000000025df9800 Uncommon trap: reason=class_check action=maybe_recompile pc=0x00000000050a85c8 method=com.google.common.collect.Maps$3.transform(Ljava/lang/Object;)Ljava/util/Map$Entry; @ 6

Classes redefined (0 events):
No events

Internal exceptions (10 events):
Event: 2650.748 Thread 0x0000000025def000 Exception <a 'sun/nio/fs/WindowsException'> (0x00000000e0a2c670) thrown at [D:\src\AOSP-openjdk-cygwin\jdk8u\hotspot\src\share\vm\prims\jni.cpp, line 710]
Event: 2650.857 Thread 0x0000000025def000 Implicit null exception at 0x0000000003e0303f to 0x0000000003e04715
Event: 2653.146 Thread 0x00000000229f2000 Implicit null exception at 0x0000000003df44ff to 0x0000000003df5bd1
Event: 2653.298 Thread 0x0000000025def000 Exception <a 'sun/nio/fs/WindowsException'> (0x00000000ecc4d6f0) thrown at [D:\src\AOSP-openjdk-cygwin\jdk8u\hotspot\src\share\vm\prims\jni.cpp, line 710]
Event: 2861.239 Thread 0x000000001df07800 Exception <a 'sun/nio/fs/WindowsException'> (0x00000000eda23d80) thrown at [D:\src\AOSP-openjdk-cygwin\jdk8u\hotspot\src\share\vm\prims\jni.cpp, line 710]
Event: 2863.337 Thread 0x0000000025df9000 Exception <a 'sun/nio/fs/WindowsException'> (0x00000000e5ab55d8) thrown at [D:\src\AOSP-openjdk-cygwin\jdk8u\hotspot\src\share\vm\prims\jni.cpp, line 710]
Event: 2863.357 Thread 0x0000000025df9000 Exception <a 'sun/nio/fs/WindowsException'> (0x00000000e5e3ea08) thrown at [D:\src\AOSP-openjdk-cygwin\jdk8u\hotspot\src\share\vm\prims\jni.cpp, line 710]
Event: 2863.359 Thread 0x0000000025df9000 Exception <a 'sun/nio/fs/WindowsException'> (0x00000000e5ec7848) thrown at [D:\src\AOSP-openjdk-cygwin\jdk8u\hotspot\src\share\vm\prims\jni.cpp, line 710]
Event: 2863.567 Thread 0x0000000025df2000 Exception <a 'sun/nio/fs/WindowsException'> (0x00000000e6c19a48) thrown at [D:\src\AOSP-openjdk-cygwin\jdk8u\hotspot\src\share\vm\prims\jni.cpp, line 710]
Event: 2864.677 Thread 0x00000000229f4000 Exception <a 'sun/nio/fs/WindowsException'> (0x00000000e254db18) thrown at [D:\src\AOSP-openjdk-cygwin\jdk8u\hotspot\src\share\vm\prims\jni.cpp, line 710]

Events (10 events):
Event: 2864.785 Thread 0x00000000229ec800 Thread added: 0x00000000229ec800
Event: 2864.785 Executing VM operation: RevokeBias
Event: 2864.785 Executing VM operation: RevokeBias done
Event: 2864.785 Executing VM operation: RevokeBias
Event: 2864.786 Executing VM operation: RevokeBias done
Event: 2864.786 Executing VM operation: RevokeBias
Event: 2864.786 Executing VM operation: RevokeBias done
Event: 2864.787 Executing VM operation: RevokeBias
Event: 2864.787 Executing VM operation: RevokeBias done
Event: 2864.788 Thread 0x0000000018bf7000 flushing nmethod 0x0000000006852010


Dynamic libraries:
0x00007ff7e0660000 - 0x00007ff7e0691000 	C:\Program Files\Android\Android Studio\jre\bin\java.exe
0x00007ffd7af00000 - 0x00007ffd7b0f0000 	C:\WINDOWS\SYSTEM32\ntdll.dll
0x00007ffd79780000 - 0x00007ffd79832000 	C:\WINDOWS\System32\KERNEL32.DLL
0x00007ffd78d00000 - 0x00007ffd78fa3000 	C:\WINDOWS\System32\KERNELBASE.dll
0x00007ffd79130000 - 0x00007ffd791d3000 	C:\WINDOWS\System32\ADVAPI32.dll
0x00007ffd79f50000 - 0x00007ffd79fee000 	C:\WINDOWS\System32\msvcrt.dll
0x00007ffd79c30000 - 0x00007ffd79cc7000 	C:\WINDOWS\System32\sechost.dll
0x00007ffd78fb0000 - 0x00007ffd790d0000 	C:\WINDOWS\System32\RPCRT4.dll
0x00007ffd7aca0000 - 0x00007ffd7ae34000 	C:\WINDOWS\System32\USER32.dll
0x00007ffd789e0000 - 0x00007ffd78a01000 	C:\WINDOWS\System32\win32u.dll
0x00007ffd792c0000 - 0x00007ffd792e6000 	C:\WINDOWS\System32\GDI32.dll
0x00007ffd78a40000 - 0x00007ffd78bd4000 	C:\WINDOWS\System32\gdi32full.dll
0x00007ffd788f0000 - 0x00007ffd7898e000 	C:\WINDOWS\System32\msvcp_win.dll
0x00007ffd78c00000 - 0x00007ffd78cfa000 	C:\WINDOWS\System32\ucrtbase.dll
0x00007ffd6c2e0000 - 0x00007ffd6c565000 	C:\WINDOWS\WinSxS\amd64_microsoft.windows.common-controls_6595b64144ccf1df_6.0.18362.778_none_e6c6b761130d4fb8\COMCTL32.dll
0x00007ffd798f0000 - 0x00007ffd79c26000 	C:\WINDOWS\System32\combase.dll
0x00007ffd77ef0000 - 0x00007ffd77f70000 	C:\WINDOWS\System32\bcryptPrimitives.dll
0x00007ffd7aa30000 - 0x00007ffd7aa5e000 	C:\WINDOWS\System32\IMM32.DLL
0x0000000054350000 - 0x0000000054422000 	C:\Program Files\Android\Android Studio\jre\jre\bin\msvcr100.dll
0x0000000054510000 - 0x0000000054d56000 	C:\Program Files\Android\Android Studio\jre\jre\bin\server\jvm.dll
0x00007ffd792f0000 - 0x00007ffd792f8000 	C:\WINDOWS\System32\PSAPI.DLL
0x00007ffd75920000 - 0x00007ffd75944000 	C:\WINDOWS\SYSTEM32\WINMM.dll
0x00007ffd75de0000 - 0x00007ffd75de9000 	C:\WINDOWS\SYSTEM32\WSOCK32.dll
0x00007ffd6e160000 - 0x00007ffd6e16a000 	C:\WINDOWS\SYSTEM32\VERSION.dll
0x00007ffd7ac30000 - 0x00007ffd7ac9f000 	C:\WINDOWS\System32\WS2_32.dll
0x00007ffd758f0000 - 0x00007ffd7591d000 	C:\WINDOWS\SYSTEM32\WINMMBASE.dll
0x00007ffd78990000 - 0x00007ffd789da000 	C:\WINDOWS\System32\cfgmgr32.dll
0x00007ffd748a0000 - 0x00007ffd748af000 	C:\Program Files\Android\Android Studio\jre\jre\bin\verify.dll
0x00007ffd71820000 - 0x00007ffd71849000 	C:\Program Files\Android\Android Studio\jre\jre\bin\java.dll
0x00007ffd71890000 - 0x00007ffd718a6000 	C:\Program Files\Android\Android Studio\jre\jre\bin\zip.dll
0x00007ffd7a270000 - 0x00007ffd7a955000 	C:\WINDOWS\System32\SHELL32.dll
0x00007ffd79840000 - 0x00007ffd798e9000 	C:\WINDOWS\System32\shcore.dll
0x00007ffd77f70000 - 0x00007ffd786f0000 	C:\WINDOWS\System32\windows.storage.dll
0x00007ffd77e60000 - 0x00007ffd77e83000 	C:\WINDOWS\System32\profapi.dll
0x00007ffd77df0000 - 0x00007ffd77e3a000 	C:\WINDOWS\System32\powrprof.dll
0x00007ffd77dc0000 - 0x00007ffd77dd0000 	C:\WINDOWS\System32\UMPDC.dll
0x00007ffd791e0000 - 0x00007ffd79232000 	C:\WINDOWS\System32\shlwapi.dll
0x00007ffd77dd0000 - 0x00007ffd77de1000 	C:\WINDOWS\System32\kernel.appcore.dll
0x00007ffd78be0000 - 0x00007ffd78bf7000 	C:\WINDOWS\System32\cryptsp.dll
0x00007ffd71800000 - 0x00007ffd7181a000 	C:\Program Files\Android\Android Studio\jre\jre\bin\net.dll
0x00007ffd4c750000 - 0x00007ffd4c766000 	C:\WINDOWS\system32\PrxerDrv.dll
0x00007ffd77630000 - 0x00007ffd77697000 	C:\WINDOWS\system32\mswsock.dll
0x00007ffd717e0000 - 0x00007ffd717f1000 	C:\Program Files\Android\Android Studio\jre\jre\bin\nio.dll
0x00007ffd6a1f0000 - 0x00007ffd6a216000 	C:\Users\kadar\.gradle\native\29\windows-amd64\native-platform.dll
0x00007ffd737e0000 - 0x00007ffd737ed000 	C:\Program Files\Android\Android Studio\jre\jre\bin\management.dll
0x00007ffd77140000 - 0x00007ffd77173000 	C:\WINDOWS\system32\rsaenh.dll
0x00007ffd78a10000 - 0x00007ffd78a36000 	C:\WINDOWS\System32\bcrypt.dll
0x00007ffd77ce0000 - 0x00007ffd77d05000 	C:\WINDOWS\SYSTEM32\USERENV.dll
0x00007ffd77800000 - 0x00007ffd7780c000 	C:\WINDOWS\SYSTEM32\CRYPTBASE.dll
0x00007ffd77340000 - 0x00007ffd7737a000 	C:\WINDOWS\SYSTEM32\IPHLPAPI.DLL
0x00007ffd79ff0000 - 0x00007ffd79ff8000 	C:\WINDOWS\System32\NSI.dll
0x00007ffd6fa40000 - 0x00007ffd6fa56000 	C:\WINDOWS\SYSTEM32\dhcpcsvc6.DLL
0x00007ffd6fb60000 - 0x00007ffd6fb7c000 	C:\WINDOWS\SYSTEM32\dhcpcsvc.DLL
0x00007ffd77380000 - 0x00007ffd7744a000 	C:\WINDOWS\SYSTEM32\DNSAPI.dll
0x00007ffd5d0c0000 - 0x00007ffd5d25c000 	C:\Program Files\Android\Android Studio\jre\jre\bin\awt.dll
0x00007ffd79e80000 - 0x00007ffd79f44000 	C:\WINDOWS\System32\OLEAUT32.dll
0x00007ffd76560000 - 0x00007ffd7658d000 	C:\WINDOWS\SYSTEM32\dwmapi.dll
0x00007ffd74a50000 - 0x00007ffd75010000 	C:\WINDOWS\SYSTEM32\d2d1.dll
0x00007ffd76040000 - 0x00007ffd760cf000 	C:\WINDOWS\SYSTEM32\apphelp.dll
0x00007ffd76140000 - 0x00007ffd761d9000 	C:\WINDOWS\system32\uxtheme.dll

VM Arguments:
jvm_args: -Xmx1536m -Dfile.encoding=windows-1252 -Duser.country=IN -Duser.language=en -Duser.variant 
java_command: org.gradle.launcher.daemon.bootstrap.GradleDaemon 5.4.1
java_class_path (initial): C:\Users\kadar\.gradle\wrapper\dists\gradle-5.4.1-all\3221gyojl5jsh0helicew7rwx\gradle-5.4.1\lib\gradle-launcher-5.4.1.jar
Launcher Type: SUN_STANDARD

Environment Variables:
PATH=C:\Python38\Scripts\;C:\Python38\;C:\ProgramData\Oracle\Java\.oracle_jre_usage;C:\WINDOWS\system32;C:\WINDOWS;C:\WINDOWS\System32\Wbem;C:\WINDOWS\System32\WindowsPowerShell\v1.0\;C:\WINDOWS\System32\OpenSSH\;C:\Program Files\Git\cmd;C:\Program Files\Git\mingw64\bin;C:\Program Files\Git\usr\bin;C:\Users\kadar\AppData\Local\Microsoft\WindowsApps;C:\src\flutter\bin;;C:\Program Files\iverilog\bin;C:\Program Files\iverilog\gtkwave\bin
USERNAME=Shivangi
OS=Windows_NT
PROCESSOR_IDENTIFIER=Intel64 Family 6 Model 58 Stepping 9, GenuineIntel



---------------  S Y S T E M  ---------------

OS: Windows 10.0 , 64 bit Build 18362 (10.0.18362.778)

CPU:total 8 (initial active 8) (4 cores per cpu, 2 threads per core) family 6 model 58 stepping 9, cmov, cx8, fxsr, mmx, sse, sse2, sse3, ssse3, sse4.1, sse4.2, popcnt, avx, aes, clmul, erms, ht, tsc, tscinvbit, tscinv

Memory: 4k page, physical 8334620k(1581792k free), swap 9383196k(5436k free)

vm_info: OpenJDK 64-Bit Server VM (25.202-b03) for windows-amd64 JRE (1.8.0_202-release-1483-b03), built by "builder" with MS VC++ 10.0 (VS2010)

time: Tue Apr 28 20:39:27 2020
timezone: India Standard Time
elapsed time: 2864 seconds (0d 0h 47m 44s)

