#
# There is insufficient memory for the Java Runtime Environment to continue.
# Native memory allocation (malloc) failed to allocate 447888 bytes for Chunk::new
# Possible reasons:
#   The system is out of physical RAM or swap space
#   The process is running with CompressedOops enabled, and the Java Heap may be blocking the growth of the native heap
# Possible solutions:
#   Reduce memory load on the system
#   Increase physical memory or swap space
#   Check if swap backing store is full
#   Decrease Java heap size (-Xmx/-Xms)
#   Decrease number of Java threads
#   Decrease Java thread stack sizes (-Xss)
#   Set larger code cache with -XX:ReservedCodeCacheSize=
#   JVM is running with Unscaled Compressed Oops mode in which the Java heap is
#     placed in the first 4GB address space. The Java Heap base address is the
#     maximum limit for the native heap growth. Please use -XX:HeapBaseMinAddress
#     to set the Java Heap base and to place the Java Heap above 4GB virtual address.
# This output file may be truncated or incomplete.
#
#  Out of Memory Error (allocation.cpp:389), pid=13104, tid=0x0000000000002588
#
# JRE version: OpenJDK Runtime Environment (8.0_202-b03) (build 1.8.0_202-release-1483-b03)
# Java VM: OpenJDK 64-Bit Server VM (25.202-b03 mixed mode windows-amd64 compressed oops)
# Failed to write core dump. Minidumps are not enabled by default on client versions of Windows
#

---------------  T H R E A D  ---------------

Current thread (0x00000000187cf000):  JavaThread "C2 CompilerThread1" daemon [_thread_in_native, id=9608, stack(0x00000000191b0000,0x00000000192b0000)]

Stack: [0x00000000191b0000,0x00000000192b0000]
[error occurred during error reporting (printing stack bounds), id 0xc0000005]

Native frames: (J=compiled Java code, j=interpreted, Vv=VM code, C=native code)


Current CompileTask:
C2:  21116 13531       4       com.android.tools.r8.ir.conversion.I::a (945 bytes)


---------------  P R O C E S S  ---------------

Java Threads: ( => current thread )
  0x000000001b4e0800 JavaThread "WorkerExecutor Queue Thread 6" [_thread_blocked, id=624, stack(0x0000000031a80000,0x0000000031b80000)]
  0x000000001b4e7000 JavaThread "WorkerExecutor Queue Thread 5" [_thread_in_Java, id=10720, stack(0x0000000031980000,0x0000000031a80000)]
  0x000000001b4e3800 JavaThread "WorkerExecutor Queue Thread 4" [_thread_in_Java, id=4612, stack(0x00000000308a0000,0x00000000309a0000)]
  0x000000001b4df800 JavaThread "WorkerExecutor Queue Thread 3" [_thread_blocked, id=3628, stack(0x00000000307a0000,0x00000000308a0000)]
  0x000000001b4e6800 JavaThread "WorkerExecutor Queue Thread 2" [_thread_in_Java, id=8408, stack(0x000000002f5e0000,0x000000002f6e0000)]
  0x000000001e40b000 JavaThread "WorkerExecutor Queue" [_thread_in_native, id=9112, stack(0x0000000026af0000,0x0000000026bf0000)]
  0x000000001e407800 JavaThread "Cache worker for execution history cache (C:\Users\kadar\Desktop\ProductStore\.gradle\5.4.1\executionHistory)" [_thread_blocked, id=9572, stack(0x00000000269f0000,0x0000000026af0000)]
  0x000000001e40a800 JavaThread "Execution worker for ':' Thread 7" [_thread_in_Java, id=12348, stack(0x0000000025620000,0x0000000025720000)]
  0x000000001e409800 JavaThread "Execution worker for ':' Thread 6" [_thread_in_Java, id=14084, stack(0x0000000025520000,0x0000000025620000)]
  0x000000001e559000 JavaThread "Execution worker for ':' Thread 5" [_thread_in_Java, id=11664, stack(0x0000000025420000,0x0000000025520000)]
  0x000000001e557000 JavaThread "Execution worker for ':' Thread 4" [_thread_in_Java, id=4036, stack(0x0000000025320000,0x0000000025420000)]
  0x000000001e556000 JavaThread "Execution worker for ':' Thread 3" [_thread_blocked, id=2984, stack(0x0000000025220000,0x0000000025320000)]
  0x000000001e555800 JavaThread "Execution worker for ':' Thread 2" [_thread_blocked, id=8912, stack(0x0000000025120000,0x0000000025220000)]
  0x000000001e55c000 JavaThread "Execution worker for ':'" [_thread_blocked, id=10032, stack(0x0000000025020000,0x0000000025120000)]
  0x000000001e557800 JavaThread "Cache worker for file content cache (C:\Users\kadar\Desktop\ProductStore\.gradle\5.4.1\fileContent)" [_thread_blocked, id=7200, stack(0x0000000024970000,0x0000000024a70000)]
  0x000000001e55b800 JavaThread "Cache worker for file content cache (C:\Users\kadar\.gradle\caches\5.4.1\fileContent)" [_thread_blocked, id=7236, stack(0x0000000024870000,0x0000000024970000)]
  0x000000001e558800 JavaThread "Memory manager" [_thread_blocked, id=4972, stack(0x0000000023d50000,0x0000000023e50000)]
  0x000000001e55a000 JavaThread "Cache worker for Build Output Cleanup Cache (C:\Users\kadar\Desktop\ProductStore\.gradle\buildOutputCleanup)" [_thread_blocked, id=916, stack(0x0000000023a50000,0x0000000023b50000)]
  0x000000001e54e000 JavaThread "pool-1-thread-1" [_thread_blocked, id=8212, stack(0x0000000022360000,0x0000000022460000)]
  0x000000001e54d000 JavaThread "Build operations Thread 8" [_thread_blocked, id=7612, stack(0x0000000023350000,0x0000000023450000)]
  0x000000001e551000 JavaThread "Build operations Thread 7" [_thread_blocked, id=12568, stack(0x0000000023250000,0x0000000023350000)]
  0x000000001e554000 JavaThread "Build operations Thread 6" [_thread_blocked, id=10412, stack(0x0000000023150000,0x0000000023250000)]
  0x000000001e553000 JavaThread "Build operations Thread 5" [_thread_blocked, id=1912, stack(0x0000000023050000,0x0000000023150000)]
  0x000000001e550000 JavaThread "Build operations Thread 4" [_thread_blocked, id=6804, stack(0x0000000022f50000,0x0000000023050000)]
  0x000000001e54f800 JavaThread "Build operations Thread 3" [_thread_blocked, id=1844, stack(0x0000000022e50000,0x0000000022f50000)]
  0x000000001e54e800 JavaThread "Build operations Thread 2" [_thread_blocked, id=9728, stack(0x0000000022d50000,0x0000000022e50000)]
  0x000000001e551800 JavaThread "Build operations" [_thread_blocked, id=7276, stack(0x0000000022470000,0x0000000022570000)]
  0x000000001e552800 JavaThread "Cache worker for execution history cache (C:\Users\kadar\.gradle\caches\5.4.1\executionHistory)" [_thread_blocked, id=4244, stack(0x0000000022c50000,0x0000000022d50000)]
  0x000000001a4d3800 JavaThread "Cache worker for cache directory md-rule (C:\Users\kadar\.gradle\caches\5.4.1\md-rule)" [_thread_blocked, id=11828, stack(0x0000000022910000,0x0000000022a10000)]
  0x000000001a4d2800 JavaThread "Cache worker for cache directory md-supplier (C:\Users\kadar\.gradle\caches\5.4.1\md-supplier)" [_thread_blocked, id=12328, stack(0x0000000022810000,0x0000000022910000)]
  0x000000001a4cf000 JavaThread "Cache worker for file hash cache (C:\Users\kadar\Desktop\ProductStore\.gradle\5.4.1\fileHashes)" [_thread_blocked, id=11168, stack(0x000000001f890000,0x000000001f990000)]
  0x000000001a4d0800 JavaThread "Cache worker for journal cache (C:\Users\kadar\.gradle\caches\journal-1)" [_thread_blocked, id=9780, stack(0x000000001d3f0000,0x000000001d4f0000)]
  0x000000001a4d5800 JavaThread "File lock request listener" [_thread_in_native, id=1004, stack(0x000000001d2f0000,0x000000001d3f0000)]
  0x000000001a61e000 JavaThread "Cache worker for file hash cache (C:\Users\kadar\.gradle\caches\5.4.1\fileHashes)" [_thread_blocked, id=9720, stack(0x000000001d1f0000,0x000000001d2f0000)]
  0x000000001a97b800 JavaThread "Thread-9" [_thread_blocked, id=5972, stack(0x000000001d0f0000,0x000000001d1f0000)]
  0x000000001a97b000 JavaThread "Stdin handler" [_thread_blocked, id=1640, stack(0x000000001cff0000,0x000000001d0f0000)]
  0x000000001a97a000 JavaThread "Asynchronous log dispatcher for DefaultDaemonConnection: socket connection from /127.0.0.1:62193 to /127.0.0.1:62194" [_thread_blocked, id=8200, stack(0x000000001cef0000,0x000000001cff0000)]
  0x0000000018afb800 JavaThread "Daemon worker" [_thread_blocked, id=3224, stack(0x000000001cdf0000,0x000000001cef0000)]
  0x00000000188fe000 JavaThread "Cancel handler" [_thread_blocked, id=7436, stack(0x000000001ccf0000,0x000000001cdf0000)]
  0x00000000197ec800 JavaThread "Handler for socket connection from /127.0.0.1:62193 to /127.0.0.1:62194" [_thread_in_native, id=8504, stack(0x000000001c9f0000,0x000000001caf0000)]
  0x00000000197e6000 JavaThread "Daemon" [_thread_blocked, id=7384, stack(0x000000001c8f0000,0x000000001c9f0000)]
  0x00000000188e0000 JavaThread "Daemon periodic checks" [_thread_blocked, id=1236, stack(0x000000001c7f0000,0x000000001c8f0000)]
  0x0000000019e99000 JavaThread "Incoming local TCP Connector on port 62193" [_thread_in_native, id=7064, stack(0x000000001c5b0000,0x000000001c6b0000)]
  0x000000001b054800 JavaThread "Daemon health stats" [_thread_blocked, id=12932, stack(0x000000001bf70000,0x000000001c070000)]
  0x000000001885b800 JavaThread "Service Thread" daemon [_thread_blocked, id=2736, stack(0x00000000194b0000,0x00000000195b0000)]
  0x00000000187d9000 JavaThread "C1 CompilerThread3" daemon [_thread_blocked, id=8344, stack(0x00000000193b0000,0x00000000194b0000)]
  0x00000000169be000 JavaThread "C2 CompilerThread2" daemon [_thread_in_native, id=7932, stack(0x00000000192b0000,0x00000000193b0000)]
=>0x00000000187cf000 JavaThread "C2 CompilerThread1" daemon [_thread_in_native, id=9608, stack(0x00000000191b0000,0x00000000192b0000)]
  0x00000000187ca000 JavaThread "C2 CompilerThread0" daemon [_thread_in_native, id=10752, stack(0x00000000190b0000,0x00000000191b0000)]
  0x00000000187c8000 JavaThread "Attach Listener" daemon [_thread_blocked, id=12584, stack(0x0000000018fb0000,0x00000000190b0000)]
  0x00000000187d4000 JavaThread "Signal Dispatcher" daemon [_thread_blocked, id=2992, stack(0x0000000018eb0000,0x0000000018fb0000)]
  0x0000000002bed800 JavaThread "Finalizer" daemon [_thread_blocked, id=5876, stack(0x0000000018ca0000,0x0000000018da0000)]
  0x0000000002be5800 JavaThread "Reference Handler" daemon [_thread_blocked, id=8360, stack(0x0000000018ba0000,0x0000000018ca0000)]
  0x0000000002ade000 JavaThread "main" [_thread_blocked, id=5992, stack(0x00000000029a0000,0x0000000002aa0000)]

Other Threads:
  0x00000000169a7800 VMThread [stack: 0x00000000186a0000,0x00000000187a0000] [id=12904]
  0x000000001885c000 WatcherThread [stack: 0x00000000195b0000,0x00000000196b0000] [id=7576]

VM state:not at safepoint (normal execution)

VM Mutex/Monitor currently owned by a thread:  ([mutex/lock_event])
[0x0000000002adc120] CodeCache_lock - owner thread: 0x00000000187d9000
[0x0000000002af0fd0] Compile_lock - owner thread: 0x00000000187d9000
[0x0000000002af1b50] MethodCompileQueue_lock - owner thread: 0x00000000187d9000

heap address: 0x00000000a0000000, size: 1536 MB, Compressed Oops mode: 32-bit
Narrow klass base: 0x0000000000000000, Narrow klass shift: 3
Compressed class space size: 1073741824 Address: 0x0000000100000000

Heap:
 PSYoungGen      total 447488K, used 131583K [0x00000000e0000000, 0x00000000ffd00000, 0x0000000100000000)
  eden space 409088K, 28% used [0x00000000e0000000,0x00000000e72e8d18,0x00000000f8f80000)
  from space 38400K, 36% used [0x00000000fb300000,0x00000000fc097018,0x00000000fd880000)
  to   space 36352K, 0% used [0x00000000f8f80000,0x00000000f8f80000,0x00000000fb300000)
 ParOldGen       total 268288K, used 163660K [0x00000000a0000000, 0x00000000b0600000, 0x00000000e0000000)
  object space 268288K, 61% used [0x00000000a0000000,0x00000000a9fd3310,0x00000000b0600000)
 Metaspace       used 72233K, capacity 75136K, committed 76072K, reserved 1114112K
  class space    used 9679K, capacity 10306K, committed 10536K, reserved 1048576K

Card table byte_map: [0x0000000011fb0000,0x00000000122c0000] byte_map_base: 0x0000000011ab0000

Marking Bits: (ParMarkBitMap*) 0x0000000054cd9f30
 Begin Bits: [0x0000000012cc0000, 0x00000000144c0000)
 End Bits:   [0x00000000144c0000, 0x0000000015cc0000)

Polling page: 0x0000000000d50000

CodeCache: size=245760Kb used=36646Kb max_used=37125Kb free=209113Kb
 bounds [0x0000000002bf0000, 0x0000000005070000, 0x0000000011bf0000]
 total_blobs=12261 nmethods=11444 adapters=727
 compilation: enabled

Compilation events (10 events):
Event: 21.112 Thread 0x00000000187d9000 13836       2       com.android.builder.dexing.DirectoryBasedClassFileInput::createEntryFromPath (14 bytes)
Event: 21.112 Thread 0x00000000187d9000 nmethod 13836 0x0000000004703b90 code [0x0000000004703d00, 0x0000000004703f58]
Event: 21.112 Thread 0x00000000187d9000 13837       2       com.android.builder.dexing.FileBasedClassFileEntry::<init> (29 bytes)
Event: 21.113 Thread 0x00000000187d9000 nmethod 13837 0x0000000004db3650 code [0x0000000004db37c0, 0x0000000004db39b8]
Event: 21.113 Thread 0x00000000187d9000 13838       2       sun.nio.fs.WindowsPath::relativize (6 bytes)
Event: 21.113 Thread 0x00000000187d9000 nmethod 13838 0x00000000046d3ed0 code [0x00000000046d4040, 0x00000000046d41a8]
Event: 21.113 Thread 0x00000000187d9000 13839       2       com.android.builder.dexing.DirectoryBasedClassFileInput$$Lambda$854/168276142::apply (12 bytes)
Event: 21.113 Thread 0x00000000187d9000 nmethod 13839 0x00000000049cc0d0 code [0x00000000049cc240, 0x00000000049cc4f8]
Event: 21.113 Thread 0x00000000187d9000 13840  s    2       sun.nio.ch.ChannelInputStream::read (41 bytes)
Event: 21.114 Thread 0x00000000187d9000 nmethod 13840 0x0000000004b2ba50 code [0x0000000004b2bbc0, 0x0000000004b2c008]

GC Heap History (10 events):
Event: 18.397 GC heap before
{Heap before GC invocations=28 (full 4):
 PSYoungGen      total 445440K, used 437053K [0x00000000e0000000, 0x00000000fd880000, 0x0000000100000000)
  eden space 408064K, 100% used [0x00000000e0000000,0x00000000f8e80000,0x00000000f8e80000)
  from space 37376K, 77% used [0x00000000f8e80000,0x00000000faacf5b0,0x00000000fb300000)
  to   space 38400K, 0% used [0x00000000fb300000,0x00000000fb300000,0x00000000fd880000)
 ParOldGen       total 268288K, used 120484K [0x00000000a0000000, 0x00000000b0600000, 0x00000000e0000000)
  object space 268288K, 44% used [0x00000000a0000000,0x00000000a75a9370,0x00000000b0600000)
 Metaspace       used 71339K, capacity 74052K, committed 75432K, reserved 1114112K
  class space    used 9565K, capacity 10150K, committed 10408K, reserved 1048576K
Event: 18.428 GC heap after
Heap after GC invocations=28 (full 4):
 PSYoungGen      total 446464K, used 24958K [0x00000000e0000000, 0x00000000fd880000, 0x0000000100000000)
  eden space 408064K, 0% used [0x00000000e0000000,0x00000000e0000000,0x00000000f8e80000)
  from space 38400K, 64% used [0x00000000fb300000,0x00000000fcb5fa18,0x00000000fd880000)
  to   space 37376K, 0% used [0x00000000f8e80000,0x00000000f8e80000,0x00000000fb300000)
 ParOldGen       total 268288K, used 127969K [0x00000000a0000000, 0x00000000b0600000, 0x00000000e0000000)
  object space 268288K, 47% used [0x00000000a0000000,0x00000000a7cf8640,0x00000000b0600000)
 Metaspace       used 71339K, capacity 74052K, committed 75432K, reserved 1114112K
  class space    used 9565K, capacity 10150K, committed 10408K, reserved 1048576K
}
Event: 19.014 GC heap before
{Heap before GC invocations=29 (full 4):
 PSYoungGen      total 446464K, used 433022K [0x00000000e0000000, 0x00000000fd880000, 0x0000000100000000)
  eden space 408064K, 100% used [0x00000000e0000000,0x00000000f8e80000,0x00000000f8e80000)
  from space 38400K, 64% used [0x00000000fb300000,0x00000000fcb5fa18,0x00000000fd880000)
  to   space 37376K, 0% used [0x00000000f8e80000,0x00000000f8e80000,0x00000000fb300000)
 ParOldGen       total 268288K, used 127969K [0x00000000a0000000, 0x00000000b0600000, 0x00000000e0000000)
  object space 268288K, 47% used [0x00000000a0000000,0x00000000a7cf8640,0x00000000b0600000)
 Metaspace       used 71634K, capacity 74362K, committed 75560K, reserved 1114112K
  class space    used 9612K, capacity 10203K, committed 10536K, reserved 1048576K
Event: 19.040 GC heap after
Heap after GC invocations=29 (full 4):
 PSYoungGen      total 445440K, used 11028K [0x00000000e0000000, 0x00000000fd880000, 0x0000000100000000)
  eden space 408064K, 0% used [0x00000000e0000000,0x00000000e0000000,0x00000000f8e80000)
  from space 37376K, 29% used [0x00000000f8e80000,0x00000000f9945230,0x00000000fb300000)
  to   space 38400K, 0% used [0x00000000fb300000,0x00000000fb300000,0x00000000fd880000)
 ParOldGen       total 268288K, used 140406K [0x00000000a0000000, 0x00000000b0600000, 0x00000000e0000000)
  object space 268288K, 52% used [0x00000000a0000000,0x00000000a891d928,0x00000000b0600000)
 Metaspace       used 71634K, capacity 74362K, committed 75560K, reserved 1114112K
  class space    used 9612K, capacity 10203K, committed 10536K, reserved 1048576K
}
Event: 19.597 GC heap before
{Heap before GC invocations=30 (full 4):
 PSYoungGen      total 445440K, used 419092K [0x00000000e0000000, 0x00000000fd880000, 0x0000000100000000)
  eden space 408064K, 100% used [0x00000000e0000000,0x00000000f8e80000,0x00000000f8e80000)
  from space 37376K, 29% used [0x00000000f8e80000,0x00000000f9945230,0x00000000fb300000)
  to   space 38400K, 0% used [0x00000000fb300000,0x00000000fb300000,0x00000000fd880000)
 ParOldGen       total 268288K, used 140406K [0x00000000a0000000, 0x00000000b0600000, 0x00000000e0000000)
  object space 268288K, 52% used [0x00000000a0000000,0x00000000a891d928,0x00000000b0600000)
 Metaspace       used 71896K, capacity 74638K, committed 75816K, reserved 1114112K
  class space    used 9640K, capacity 10219K, committed 10536K, reserved 1048576K
Event: 19.617 GC heap after
Heap after GC invocations=30 (full 4):
 PSYoungGen      total 446464K, used 14815K [0x00000000e0000000, 0x00000000fd880000, 0x0000000100000000)
  eden space 408064K, 0% used [0x00000000e0000000,0x00000000e0000000,0x00000000f8e80000)
  from space 38400K, 38% used [0x00000000fb300000,0x00000000fc177c78,0x00000000fd880000)
  to   space 37376K, 0% used [0x00000000f8e80000,0x00000000f8e80000,0x00000000fb300000)
 ParOldGen       total 268288K, used 148669K [0x00000000a0000000, 0x00000000b0600000, 0x00000000e0000000)
  object space 268288K, 55% used [0x00000000a0000000,0x00000000a912f440,0x00000000b0600000)
 Metaspace       used 71896K, capacity 74638K, committed 75816K, reserved 1114112K
  class space    used 9640K, capacity 10219K, committed 10536K, reserved 1048576K
}
Event: 20.264 GC heap before
{Heap before GC invocations=31 (full 4):
 PSYoungGen      total 446464K, used 422879K [0x00000000e0000000, 0x00000000fd880000, 0x0000000100000000)
  eden space 408064K, 100% used [0x00000000e0000000,0x00000000f8e80000,0x00000000f8e80000)
  from space 38400K, 38% used [0x00000000fb300000,0x00000000fc177c78,0x00000000fd880000)
  to   space 37376K, 0% used [0x00000000f8e80000,0x00000000f8e80000,0x00000000fb300000)
 ParOldGen       total 268288K, used 148669K [0x00000000a0000000, 0x00000000b0600000, 0x00000000e0000000)
  object space 268288K, 55% used [0x00000000a0000000,0x00000000a912f440,0x00000000b0600000)
 Metaspace       used 71918K, capacity 74638K, committed 75816K, reserved 1114112K
  class space    used 9642K, capacity 10219K, committed 10536K, reserved 1048576K
Event: 20.285 GC heap after
Heap after GC invocations=31 (full 4):
 PSYoungGen      total 445440K, used 4968K [0x00000000e0000000, 0x00000000fd880000, 0x0000000100000000)
  eden space 408064K, 0% used [0x00000000e0000000,0x00000000e0000000,0x00000000f8e80000)
  from space 37376K, 13% used [0x00000000f8e80000,0x00000000f935a218,0x00000000fb300000)
  to   space 38400K, 0% used [0x00000000fb300000,0x00000000fb300000,0x00000000fd880000)
 ParOldGen       total 268288K, used 159392K [0x00000000a0000000, 0x00000000b0600000, 0x00000000e0000000)
  object space 268288K, 59% used [0x00000000a0000000,0x00000000a9ba8098,0x00000000b0600000)
 Metaspace       used 71918K, capacity 74638K, committed 75816K, reserved 1114112K
  class space    used 9642K, capacity 10219K, committed 10536K, reserved 1048576K
}
Event: 20.943 GC heap before
{Heap before GC invocations=32 (full 4):
 PSYoungGen      total 445440K, used 413032K [0x00000000e0000000, 0x00000000fd880000, 0x0000000100000000)
  eden space 408064K, 100% used [0x00000000e0000000,0x00000000f8e80000,0x00000000f8e80000)
  from space 37376K, 13% used [0x00000000f8e80000,0x00000000f935a218,0x00000000fb300000)
  to   space 38400K, 0% used [0x00000000fb300000,0x00000000fb300000,0x00000000fd880000)
 ParOldGen       total 268288K, used 159392K [0x00000000a0000000, 0x00000000b0600000, 0x00000000e0000000)
  object space 268288K, 59% used [0x00000000a0000000,0x00000000a9ba8098,0x00000000b0600000)
 Metaspace       used 72206K, capacity 75136K, committed 76072K, reserved 1114112K
  class space    used 9679K, capacity 10306K, committed 10536K, reserved 1048576K
Event: 20.963 GC heap after
Heap after GC invocations=32 (full 4):
 PSYoungGen      total 447488K, used 13916K [0x00000000e0000000, 0x00000000ffd00000, 0x0000000100000000)
  eden space 409088K, 0% used [0x00000000e0000000,0x00000000e0000000,0x00000000f8f80000)
  from space 38400K, 36% used [0x00000000fb300000,0x00000000fc097018,0x00000000fd880000)
  to   space 36352K, 0% used [0x00000000f8f80000,0x00000000f8f80000,0x00000000fb300000)
 ParOldGen       total 268288K, used 163660K [0x00000000a0000000, 0x00000000b0600000, 0x00000000e0000000)
  object space 268288K, 61% used [0x00000000a0000000,0x00000000a9fd3310,0x00000000b0600000)
 Metaspace       used 72206K, capacity 75136K, committed 76072K, reserved 1114112K
  class space    used 9679K, capacity 10306K, committed 10536K, reserved 1048576K
}

Deoptimization events (10 events):
Event: 20.621 Thread 0x000000001e40b000 Uncommon trap: reason=unstable_if action=reinterpret pc=0x0000000003660af8 method=sun.nio.fs.WindowsPathParser.isSlash(C)Z @ 9
Event: 20.636 Thread 0x000000001e557000 Uncommon trap: reason=bimorphic action=maybe_recompile pc=0x0000000002fbf644 method=java.util.HashMap.removeNode(ILjava/lang/Object;Ljava/lang/Object;ZZ)Ljava/util/HashMap$Node; @ 143
Event: 20.689 Thread 0x000000001e40b000 Uncommon trap: reason=class_check action=maybe_recompile pc=0x000000000446494c method=com.android.tools.r8.utils.InternalOptions.c0()Z @ 4
Event: 20.690 Thread 0x000000001e40b000 Uncommon trap: reason=class_check action=maybe_recompile pc=0x000000000446494c method=com.android.tools.r8.utils.InternalOptions.c0()Z @ 4
Event: 20.690 Thread 0x000000001e40b000 Uncommon trap: reason=class_check action=maybe_recompile pc=0x000000000446494c method=com.android.tools.r8.utils.InternalOptions.c0()Z @ 4
Event: 20.690 Thread 0x000000001e40b000 Uncommon trap: reason=class_check action=maybe_recompile pc=0x000000000446494c method=com.android.tools.r8.utils.InternalOptions.c0()Z @ 4
Event: 20.690 Thread 0x000000001e40b000 Uncommon trap: reason=class_check action=maybe_recompile pc=0x00000000045e0880 method=com.android.tools.r8.utils.InternalOptions.c0()Z @ 4
Event: 20.914 Thread 0x000000001e40b000 Uncommon trap: reason=class_check action=maybe_recompile pc=0x00000000041bbe4c method=com.android.tools.r8.utils.InternalOptions.c0()Z @ 4
Event: 20.934 Thread 0x000000001b4e7000 Uncommon trap: reason=unstable_if action=reinterpret pc=0x00000000043aadbc method=sun.nio.fs.NativeBuffers.getNativeBuffer(I)Lsun/nio/fs/NativeBuffer; @ 6
Event: 21.027 Thread 0x000000001b4e6800 Uncommon trap: reason=unstable_if action=reinterpret pc=0x00000000043b199c method=sun.nio.fs.NativeBuffers.getNativeBuffer(I)Lsun/nio/fs/NativeBuffer; @ 6

Classes redefined (0 events):
No events

Internal exceptions (10 events):
Event: 21.099 Thread 0x000000001b4e3800 Exception <a 'sun/nio/fs/WindowsException'> (0x00000000e661a4d0) thrown at [D:\src\AOSP-openjdk-cygwin\jdk8u\hotspot\src\share\vm\prims\jni.cpp, line 710]
Event: 21.099 Thread 0x000000001b4e3800 Exception <a 'sun/nio/fs/WindowsException'> (0x00000000e661b328) thrown at [D:\src\AOSP-openjdk-cygwin\jdk8u\hotspot\src\share\vm\prims\jni.cpp, line 710]
Event: 21.099 Thread 0x000000001b4e3800 Exception <a 'sun/nio/fs/WindowsException'> (0x00000000e661bce0) thrown at [D:\src\AOSP-openjdk-cygwin\jdk8u\hotspot\src\share\vm\prims\jni.cpp, line 710]
Event: 21.099 Thread 0x000000001b4e3800 Exception <a 'sun/nio/fs/WindowsException'> (0x00000000e661cb18) thrown at [D:\src\AOSP-openjdk-cygwin\jdk8u\hotspot\src\share\vm\prims\jni.cpp, line 710]
Event: 21.103 Thread 0x000000001b4e3800 Exception <a 'sun/nio/fs/WindowsException'> (0x00000000e66252d0) thrown at [D:\src\AOSP-openjdk-cygwin\jdk8u\hotspot\src\share\vm\prims\jni.cpp, line 710]
Event: 21.105 Thread 0x000000001b4e3800 Exception <a 'sun/nio/fs/WindowsException'> (0x00000000e6b312c8) thrown at [D:\src\AOSP-openjdk-cygwin\jdk8u\hotspot\src\share\vm\prims\jni.cpp, line 710]
Event: 21.106 Thread 0x000000001b4e3800 Exception <a 'sun/nio/fs/WindowsException'> (0x00000000e6b78168) thrown at [D:\src\AOSP-openjdk-cygwin\jdk8u\hotspot\src\share\vm\prims\jni.cpp, line 710]
Event: 21.110 Thread 0x000000001b4e3800 Exception <a 'sun/nio/fs/WindowsException'> (0x00000000e6c513f0) thrown at [D:\src\AOSP-openjdk-cygwin\jdk8u\hotspot\src\share\vm\prims\jni.cpp, line 710]
Event: 21.112 Thread 0x000000001b4e3800 Exception <a 'sun/nio/fs/WindowsException'> (0x00000000e6c98498) thrown at [D:\src\AOSP-openjdk-cygwin\jdk8u\hotspot\src\share\vm\prims\jni.cpp, line 710]
Event: 21.114 Thread 0x000000001b4e3800 Exception <a 'sun/nio/fs/WindowsException'> (0x00000000e6c9f988) thrown at [D:\src\AOSP-openjdk-cygwin\jdk8u\hotspot\src\share\vm\prims\jni.cpp, line 710]

Events (10 events):
Event: 21.090 Thread 0x000000001b4e6800 DEOPT PACKING pc=0x00000000045d7124 sp=0x000000002f6ddbd0
Event: 21.090 Thread 0x000000001b4e6800 DEOPT UNPACKING pc=0x0000000002c375d0 sp=0x000000002f6dda88 mode 0
Event: 21.100 loading class sun/nio/fs/AbstractPath$1
Event: 21.100 loading class sun/nio/fs/AbstractPath$1 done
Event: 21.103 Thread 0x000000001b4e6800 DEOPT PACKING pc=0x00000000045d7124 sp=0x000000002f6ddc20
Event: 21.103 Thread 0x000000001b4e6800 DEOPT UNPACKING pc=0x0000000002c375d0 sp=0x000000002f6ddad8 mode 0
Event: 21.111 Thread 0x000000001b4e7000 DEOPT PACKING pc=0x00000000047286f2 sp=0x0000000031a7d280
Event: 21.111 Thread 0x000000001b4e7000 DEOPT UNPACKING pc=0x0000000002c375d0 sp=0x0000000031a7d040 mode 0
Event: 21.113 Thread 0x000000001b4e6800 DEOPT PACKING pc=0x00000000045d7124 sp=0x000000002f6ddc20
Event: 21.113 Thread 0x000000001b4e6800 DEOPT UNPACKING pc=0x0000000002c375d0 sp=0x000000002f6ddad8 mode 0


Dynamic libraries:
0x00007ff7e0660000 - 0x00007ff7e0691000 	C:\Program Files\Android\Android Studio\jre\bin\java.exe
0x00007ffd7af00000 - 0x00007ffd7b0f0000 	C:\WINDOWS\SYSTEM32\ntdll.dll
0x00007ffd79780000 - 0x00007ffd79832000 	C:\WINDOWS\System32\KERNEL32.DLL
0x00007ffd78d00000 - 0x00007ffd78fa3000 	C:\WINDOWS\System32\KERNELBASE.dll
0x00007ffd79130000 - 0x00007ffd791d3000 	C:\WINDOWS\System32\ADVAPI32.dll
0x00007ffd79f50000 - 0x00007ffd79fee000 	C:\WINDOWS\System32\msvcrt.dll
0x00007ffd79c30000 - 0x00007ffd79cc7000 	C:\WINDOWS\System32\sechost.dll
0x00007ffd78fb0000 - 0x00007ffd790d0000 	C:\WINDOWS\System32\RPCRT4.dll
0x00007ffd7aca0000 - 0x00007ffd7ae34000 	C:\WINDOWS\System32\USER32.dll
0x00007ffd789e0000 - 0x00007ffd78a01000 	C:\WINDOWS\System32\win32u.dll
0x00007ffd792c0000 - 0x00007ffd792e6000 	C:\WINDOWS\System32\GDI32.dll
0x00007ffd78a40000 - 0x00007ffd78bd4000 	C:\WINDOWS\System32\gdi32full.dll
0x00007ffd788f0000 - 0x00007ffd7898e000 	C:\WINDOWS\System32\msvcp_win.dll
0x00007ffd78c00000 - 0x00007ffd78cfa000 	C:\WINDOWS\System32\ucrtbase.dll
0x00007ffd6c2e0000 - 0x00007ffd6c565000 	C:\WINDOWS\WinSxS\amd64_microsoft.windows.common-controls_6595b64144ccf1df_6.0.18362.778_none_e6c6b761130d4fb8\COMCTL32.dll
0x00007ffd798f0000 - 0x00007ffd79c26000 	C:\WINDOWS\System32\combase.dll
0x00007ffd77ef0000 - 0x00007ffd77f70000 	C:\WINDOWS\System32\bcryptPrimitives.dll
0x00007ffd7aa30000 - 0x00007ffd7aa5e000 	C:\WINDOWS\System32\IMM32.DLL
0x0000000054350000 - 0x0000000054422000 	C:\Program Files\Android\Android Studio\jre\jre\bin\msvcr100.dll
0x0000000054510000 - 0x0000000054d56000 	C:\Program Files\Android\Android Studio\jre\jre\bin\server\jvm.dll
0x00007ffd792f0000 - 0x00007ffd792f8000 	C:\WINDOWS\System32\PSAPI.DLL
0x00007ffd75920000 - 0x00007ffd75944000 	C:\WINDOWS\SYSTEM32\WINMM.dll
0x00007ffd75de0000 - 0x00007ffd75de9000 	C:\WINDOWS\SYSTEM32\WSOCK32.dll
0x00007ffd6e160000 - 0x00007ffd6e16a000 	C:\WINDOWS\SYSTEM32\VERSION.dll
0x00007ffd7ac30000 - 0x00007ffd7ac9f000 	C:\WINDOWS\System32\WS2_32.dll
0x00007ffd758f0000 - 0x00007ffd7591d000 	C:\WINDOWS\SYSTEM32\WINMMBASE.dll
0x00007ffd78990000 - 0x00007ffd789da000 	C:\WINDOWS\System32\cfgmgr32.dll
0x00007ffd748a0000 - 0x00007ffd748af000 	C:\Program Files\Android\Android Studio\jre\jre\bin\verify.dll
0x00007ffd71820000 - 0x00007ffd71849000 	C:\Program Files\Android\Android Studio\jre\jre\bin\java.dll
0x00007ffd71890000 - 0x00007ffd718a6000 	C:\Program Files\Android\Android Studio\jre\jre\bin\zip.dll
0x00007ffd7a270000 - 0x00007ffd7a955000 	C:\WINDOWS\System32\SHELL32.dll
0x00007ffd79840000 - 0x00007ffd798e9000 	C:\WINDOWS\System32\shcore.dll
0x00007ffd77f70000 - 0x00007ffd786f0000 	C:\WINDOWS\System32\windows.storage.dll
0x00007ffd77e60000 - 0x00007ffd77e83000 	C:\WINDOWS\System32\profapi.dll
0x00007ffd77df0000 - 0x00007ffd77e3a000 	C:\WINDOWS\System32\powrprof.dll
0x00007ffd77dc0000 - 0x00007ffd77dd0000 	C:\WINDOWS\System32\UMPDC.dll
0x00007ffd791e0000 - 0x00007ffd79232000 	C:\WINDOWS\System32\shlwapi.dll
0x00007ffd77dd0000 - 0x00007ffd77de1000 	C:\WINDOWS\System32\kernel.appcore.dll
0x00007ffd78be0000 - 0x00007ffd78bf7000 	C:\WINDOWS\System32\cryptsp.dll
0x00007ffd71800000 - 0x00007ffd7181a000 	C:\Program Files\Android\Android Studio\jre\jre\bin\net.dll
0x00007ffd4c750000 - 0x00007ffd4c766000 	C:\WINDOWS\system32\PrxerDrv.dll
0x00007ffd77630000 - 0x00007ffd77697000 	C:\WINDOWS\system32\mswsock.dll
0x00007ffd717e0000 - 0x00007ffd717f1000 	C:\Program Files\Android\Android Studio\jre\jre\bin\nio.dll
0x00007ffd6a1f0000 - 0x00007ffd6a216000 	C:\Users\kadar\.gradle\native\29\windows-amd64\native-platform.dll
0x00007ffd737e0000 - 0x00007ffd737ed000 	C:\Program Files\Android\Android Studio\jre\jre\bin\management.dll
0x00007ffd77140000 - 0x00007ffd77173000 	C:\WINDOWS\system32\rsaenh.dll
0x00007ffd78a10000 - 0x00007ffd78a36000 	C:\WINDOWS\System32\bcrypt.dll
0x00007ffd77ce0000 - 0x00007ffd77d05000 	C:\WINDOWS\SYSTEM32\USERENV.dll
0x00007ffd77800000 - 0x00007ffd7780c000 	C:\WINDOWS\SYSTEM32\CRYPTBASE.dll
0x00007ffd77340000 - 0x00007ffd7737a000 	C:\WINDOWS\SYSTEM32\IPHLPAPI.DLL
0x00007ffd79ff0000 - 0x00007ffd79ff8000 	C:\WINDOWS\System32\NSI.dll
0x00007ffd6fa40000 - 0x00007ffd6fa56000 	C:\WINDOWS\SYSTEM32\dhcpcsvc6.DLL
0x00007ffd6fb60000 - 0x00007ffd6fb7c000 	C:\WINDOWS\SYSTEM32\dhcpcsvc.DLL
0x00007ffd77380000 - 0x00007ffd7744a000 	C:\WINDOWS\SYSTEM32\DNSAPI.dll

VM Arguments:
jvm_args: -Xmx1536m -Dfile.encoding=windows-1252 -Duser.country=IN -Duser.language=en -Duser.variant 
java_command: org.gradle.launcher.daemon.bootstrap.GradleDaemon 5.4.1
java_class_path (initial): C:\Users\kadar\.gradle\wrapper\dists\gradle-5.4.1-all\3221gyojl5jsh0helicew7rwx\gradle-5.4.1\lib\gradle-launcher-5.4.1.jar
Launcher Type: SUN_STANDARD

Environment Variables:
PATH=C:\Python38\Scripts\;C:\Python38\;C:\ProgramData\Oracle\Java\.oracle_jre_usage;C:\WINDOWS\system32;C:\WINDOWS;C:\WINDOWS\System32\Wbem;C:\WINDOWS\System32\WindowsPowerShell\v1.0\;C:\WINDOWS\System32\OpenSSH\;C:\Program Files\Git\cmd;C:\Program Files\Git\mingw64\bin;C:\Program Files\Git\usr\bin;C:\Users\kadar\AppData\Local\Microsoft\WindowsApps;C:\src\flutter\bin;;C:\Program Files\iverilog\bin;C:\Program Files\iverilog\gtkwave\bin
USERNAME=Shivangi
OS=Windows_NT
PROCESSOR_IDENTIFIER=Intel64 Family 6 Model 58 Stepping 9, GenuineIntel



---------------  S Y S T E M  ---------------

OS: Windows 10.0 , 64 bit Build 18362 (10.0.18362.778)

CPU:total 8 (initial active 8) (4 cores per cpu, 2 threads per core) family 6 model 58 stepping 9, cmov, cx8, fxsr, mmx, sse, sse2, sse3, ssse3, sse4.1, sse4.2, popcnt, avx, aes, clmul, erms, ht, tsc, tscinvbit, tscinv

Memory: 4k page, physical 8334620k(1196384k free), swap 9383196k(5152k free)

vm_info: OpenJDK 64-Bit Server VM (25.202-b03) for windows-amd64 JRE (1.8.0_202-release-1483-b03), built by "builder" with MS VC++ 10.0 (VS2010)

time: Wed Apr 29 01:52:13 2020
timezone: India Standard Time
elapsed time: 21 seconds (0d 0h 0m 21s)

